0 info it worked if it ends with ok
1 verbose cli [ 'node', '/usr/local/bin/npm', 'publish' ]
2 info using npm@1.4.9
3 info using node@v0.10.28
4 verbose publish [ '.' ]
5 verbose cache add [ '.', null ]
6 verbose cache add name=undefined spec="." args=[".",null]
7 verbose parsed url { protocol: null,
7 verbose parsed url   slashes: null,
7 verbose parsed url   auth: null,
7 verbose parsed url   host: null,
7 verbose parsed url   port: null,
7 verbose parsed url   hostname: null,
7 verbose parsed url   hash: null,
7 verbose parsed url   search: null,
7 verbose parsed url   query: null,
7 verbose parsed url   pathname: '.',
7 verbose parsed url   path: '.',
7 verbose parsed url   href: '.' }
8 silly lockFile 3a52ce78- .
9 verbose lock . /Users/kimballfrank/.npm/3a52ce78-.lock
10 verbose tar pack [ '/var/folders/11/3y463k_j37s3zfkz01vrj48r0000gn/T/npm-66599-aruEHq8S/1405115904401-0.5956637125927955/tmp.tgz',
10 verbose tar pack   '.' ]
11 verbose tarball /var/folders/11/3y463k_j37s3zfkz01vrj48r0000gn/T/npm-66599-aruEHq8S/1405115904401-0.5956637125927955/tmp.tgz
12 verbose folder .
13 info prepublish dpd-js-sdk@0.0.1
14 silly lockFile 1f1177db-tar tar://.
15 verbose lock tar://. /Users/kimballfrank/.npm/1f1177db-tar.lock
16 silly lockFile ca02dfa0-04401-0-5956637125927955-tmp-tgz tar:///var/folders/11/3y463k_j37s3zfkz01vrj48r0000gn/T/npm-66599-aruEHq8S/1405115904401-0.5956637125927955/tmp.tgz
17 verbose lock tar:///var/folders/11/3y463k_j37s3zfkz01vrj48r0000gn/T/npm-66599-aruEHq8S/1405115904401-0.5956637125927955/tmp.tgz /Users/kimballfrank/.npm/ca02dfa0-04401-0-5956637125927955-tmp-tgz.lock
18 silly lockFile 1f1177db-tar tar://.
19 silly lockFile 1f1177db-tar tar://.
20 silly lockFile ca02dfa0-04401-0-5956637125927955-tmp-tgz tar:///var/folders/11/3y463k_j37s3zfkz01vrj48r0000gn/T/npm-66599-aruEHq8S/1405115904401-0.5956637125927955/tmp.tgz
21 silly lockFile ca02dfa0-04401-0-5956637125927955-tmp-tgz tar:///var/folders/11/3y463k_j37s3zfkz01vrj48r0000gn/T/npm-66599-aruEHq8S/1405115904401-0.5956637125927955/tmp.tgz
22 verbose tar unpack /var/folders/11/3y463k_j37s3zfkz01vrj48r0000gn/T/npm-66599-aruEHq8S/1405115904401-0.5956637125927955/tmp.tgz
23 silly lockFile d407f450-ank-npm-dpd-js-sdk-0-0-1-package tar:///Users/kimballfrank/.npm/dpd-js-sdk/0.0.1/package
24 verbose lock tar:///Users/kimballfrank/.npm/dpd-js-sdk/0.0.1/package /Users/kimballfrank/.npm/d407f450-ank-npm-dpd-js-sdk-0-0-1-package.lock
25 silly lockFile ca02dfa0-04401-0-5956637125927955-tmp-tgz tar:///var/folders/11/3y463k_j37s3zfkz01vrj48r0000gn/T/npm-66599-aruEHq8S/1405115904401-0.5956637125927955/tmp.tgz
26 verbose lock tar:///var/folders/11/3y463k_j37s3zfkz01vrj48r0000gn/T/npm-66599-aruEHq8S/1405115904401-0.5956637125927955/tmp.tgz /Users/kimballfrank/.npm/ca02dfa0-04401-0-5956637125927955-tmp-tgz.lock
27 silly gunzTarPerm modes [ '755', '644' ]
28 silly gunzTarPerm extractEntry package.json
29 silly gunzTarPerm extractEntry .npmignore
30 silly gunzTarPerm extractEntry README.md
31 silly gunzTarPerm extractEntry dpd.js
32 silly lockFile d407f450-ank-npm-dpd-js-sdk-0-0-1-package tar:///Users/kimballfrank/.npm/dpd-js-sdk/0.0.1/package
33 silly lockFile d407f450-ank-npm-dpd-js-sdk-0-0-1-package tar:///Users/kimballfrank/.npm/dpd-js-sdk/0.0.1/package
34 silly lockFile ca02dfa0-04401-0-5956637125927955-tmp-tgz tar:///var/folders/11/3y463k_j37s3zfkz01vrj48r0000gn/T/npm-66599-aruEHq8S/1405115904401-0.5956637125927955/tmp.tgz
35 silly lockFile ca02dfa0-04401-0-5956637125927955-tmp-tgz tar:///var/folders/11/3y463k_j37s3zfkz01vrj48r0000gn/T/npm-66599-aruEHq8S/1405115904401-0.5956637125927955/tmp.tgz
36 silly lockFile 3a52ce78- .
37 silly lockFile 3a52ce78- .
38 silly publish { name: 'dpd-js-sdk',
38 silly publish   version: '0.0.1',
38 silly publish   description: 'Use the deployd javascript sdk as a node module',
38 silly publish   main: 'dpd.js',
38 silly publish   scripts: { test: 'echo "Error: no test specified" && exit 1' },
38 silly publish   dependencies: { bluebird: '~2.2.1', request: '~2.34.0' },
38 silly publish   repository:
38 silly publish    { type: 'git',
38 silly publish      url: 'git://github.com/kimballfrank/dpd-js-sdk.git' },
38 silly publish   keywords: [ 'deployd', 'dpd' ],
38 silly publish   author: { name: 'kimballfrank' },
38 silly publish   bugs: { url: 'https://github.com/kimballfrank/dpd-js-sdk/issues' },
38 silly publish   homepage: 'https://github.com/kimballfrank/dpd-js-sdk',
38 silly publish   readme: 'dpd-js-sdk\n==========\n\nUse the deployd javascript sdk (dpd.js) anywhere you can run npm modules. It\'s not just for the browser anymore! Use convenient dpd.js syntax to query deployd APIs using nodejs.\n\n## Install via npm\n\n```Shell\n$ npm install dpd-js-sdk\n```\n\n## Setup rootURL & baseURL (optional)\n\n```JavaScript\nvar dpd = require(\'dpd-js-sdk\')(\'http://www.yourDeploydDomain.com\', \'/api\' );\n```\n\n## Usage\n\n```JavaScript\nvar dpd = require(\'dpd-js-sdk\')();\ndpd.todos = dpd("/todos"); // you have to manually add your resources like so\n\ndpd.todos.get(function(function(results, error) {\n  //do something\n});\n\n```\n\nAdditional documentation for the dpd.js sdk can be found here:\nhttp://docs.deployd.com/docs/collections/reference/dpd-js.md#s-Dpd.js\n\n## How the sausage gets made:\n\nMost of this code comes straight out of https://github.com/deployd/deployd/blob/master/clib/dpd.js\n\nI have added a dependency on bluebird (for promises) and request (for sanity). Ajax requests made in the original clib/dpd.js are just replaced using promisified request.\n\nI have also removed socket.io client stuff in here for now, since I think it would take some work to get it working...and because this is enough to suit my current need. (I am using this module as part of some express middleware to get data from remote deployd API).\n\nAs such, the  Realtime API features (documented here: http://docs.deployd.com/docs/collections/reference/dpd-js.md#s-Realtime API) do not work.\n\n## Disclaimer\n\nThis module is untested, unauthorized, unlicenced, and unsupported. Use at your own discretion.\n',
38 silly publish   readmeFilename: 'README.md',
38 silly publish   _id: 'dpd-js-sdk@0.0.1',
38 silly publish   _shasum: '8d441edd1300dfd76de05f4afb6c234d74133bbf',
38 silly publish   _from: '.' }
39 verbose url raw dpd-js-sdk
40 verbose url resolving [ 'http://registry.npmjs.org/', './dpd-js-sdk' ]
41 verbose url resolved http://registry.npmjs.org/dpd-js-sdk
42 info trying registry request attempt 1 at 15:58:24
43 http PUT http://registry.npmjs.org/dpd-js-sdk
44 http 403 http://registry.npmjs.org/dpd-js-sdk
45 verbose headers { server: 'CouchDB/1.5.0 (Erlang OTP/R14B04)',
45 verbose headers   'content-type': 'application/json',
45 verbose headers   'cache-control': 'max-age=30',
45 verbose headers   'content-length': '4059',
45 verbose headers   'accept-ranges': 'bytes',
45 verbose headers   date: 'Fri, 11 Jul 2014 21:58:26 GMT',
45 verbose headers   via: '1.1 varnish',
45 verbose headers   connection: 'keep-alive',
45 verbose headers   'x-served-by': 'cache-sjc3133-SJC',
45 verbose headers   'x-cache': 'MISS',
45 verbose headers   'x-cache-hits': '0',
45 verbose headers   'x-timer': 'S1405115905.922179,VS0,VE173' }
46 error publish Failed PUT 403
47 error Error: forbidden cannot modify pre-existing version: 0.0.1
47 error old={"name":"dpd-js-sdk","version":"0.0.1","description":"Use the deployd javascript sdk as a node module","main":"dpd.js","scripts":{"test":"echo \"Error: no test specified\" && exit 1"},"dependencies":{"bluebird":"~2.2.1","request":"~2.34.0"},"repository":{"type":"git","url":"git://github.com/kimballfrank/dpd-js-sdk.git"},"keywords":["deployd","dpd"],"author":{"name":"kimballfrank"},"bugs":{"url":"https://github.com/kimballfrank/dpd-js-sdk/issues"},"homepage":"https://github.com/kimballfrank/dpd-js-sdk","_id":"dpd-js-sdk@0.0.1","_shasum":"fa56183d5b54328d2cdfd38f640af776c63ead9c","_from":".","_npmVersion":"1.4.9","_npmUser":{"name":"kimballfrank","email":"kimballfrank@users.noreply.github.com"},"maintainers":[{"name":"kimballfrank","email":"kimballfrank@users.noreply.github.com"}],"dist":{"shasum":"fa56183d5b54328d2cdfd38f640af776c63ead9c","tarball":"http://registry.npmjs.org/dpd-js-sdk/-/dpd-js-sdk-0.0.1.tgz"}}
47 error new={"name":"dpd-js-sdk","version":"0.0.1","description":"Use the deployd javascript sdk as a node module","main":"dpd.js","scripts":{"test":"echo \"Error: no test specified\" && exit 1"},"dependencies":{"bluebird":"~2.2.1","request":"~2.34.0"},"repository":{"type":"git","url":"git://github.com/kimballfrank/dpd-js-sdk.git"},"keywords":["deployd","dpd"],"author":{"name":"kimballfrank"},"bugs":{"url":"https://github.com/kimballfrank/dpd-js-sdk/issues"},"homepage":"https://github.com/kimballfrank/dpd-js-sdk","readme":"dpd-js-sdk\u000a==========\u000a\u000aUse the deployd javascript sdk (dpd.js) anywhere you can run npm modules. It's not just for the browser anymore! Use convenient dpd.js syntax to query deployd APIs using nodejs.\u000a\u000a## Install via npm\u000a\u000a```Shell\u000a$ npm install dpd-js-sdk\u000a```\u000a\u000a## Setup rootURL & baseURL (optional)\u000a\u000a```JavaScript\u000avar dpd = require('dpd-js-sdk')('http://www.yourDeploydDomain.com', '/api' );\u000a```\u000a\u000a## Usage\u000a\u000a```JavaScript\u000avar dpd = require('dpd-js-sdk')();\u000adpd.todos = dpd(\"/todos\"); // you have to manually add your resources like so\u000a\u000adpd.todos.get(function(function(results, error) {\u000a  //do something\u000a});\u000a\u000a```\u000a\u000aAdditional documentation for the dpd.js sdk can be found here:\u000ahttp://docs.deployd.com/docs/collections/reference/dpd-js.md#s-Dpd.js\u000a\u000a## How the sausage gets made:\u000a\u000aMost of this code comes straight out of https://github.com/deployd/deployd/blob/master/clib/dpd.js\u000a\u000aI have added a dependency on bluebird (for promises) and request (for sanity). Ajax requests made in the original clib/dpd.js are just replaced using promisified request.\u000a\u000aI have also removed socket.io client stuff in here for now, since I think it would take some work to get it working...and because this is enough to suit my current need. (I am using this module as part of some express middleware to get data from remote deployd API).\u000a\u000aAs such, the  Realtime API features (documented here: http://docs.deployd.com/docs/collections/reference/dpd-js.md#s-Realtime API) do not work.\u000a\u000a## Disclaimer\u000a\u000aThis module is untested, unauthorized, unlicenced, and unsupported. Use at your own discretion.\u000a","readmeFilename":"README.md","_id":"dpd-js-sdk@0.0.1","_shasum":"8d441edd1300dfd76de05f4afb6c234d74133bbf","_from":".","_npmVersion":"1.4.9","_npmUser":{"name":"kimballfrank","email":"kimballfrank@users.noreply.github.com"},"maintainers":[{"name":"kimballfrank","email":"kimballfrank@users.noreply.github.com"}],"dist":{"shasum":"8d441edd1300dfd76de05f4afb6c234d74133bbf","tarball":"http://registry.npmjs.org/dpd-js-sdk/-/dpd-js-sdk-0.0.1.tgz"}}: dpd-js-sdk
47 error     at RegClient.<anonymous> (/usr/local/lib/node_modules/npm/node_modules/npm-registry-client/lib/request.js:273:14)
47 error     at Request._callback (/usr/local/lib/node_modules/npm/node_modules/npm-registry-client/lib/request.js:211:65)
47 error     at Request.self.callback (/usr/local/lib/node_modules/npm/node_modules/request/request.js:123:22)
47 error     at Request.EventEmitter.emit (events.js:98:17)
47 error     at Request.<anonymous> (/usr/local/lib/node_modules/npm/node_modules/request/request.js:893:14)
47 error     at Request.EventEmitter.emit (events.js:117:20)
47 error     at IncomingMessage.<anonymous> (/usr/local/lib/node_modules/npm/node_modules/request/request.js:844:12)
47 error     at IncomingMessage.EventEmitter.emit (events.js:117:20)
47 error     at _stream_readable.js:919:16
47 error     at process._tickCallback (node.js:419:13)
48 error If you need help, you may report this *entire* log,
48 error including the npm and node versions, at:
48 error     <http://github.com/npm/npm/issues>
49 error System Darwin 13.2.0
50 error command "node" "/usr/local/bin/npm" "publish"
51 error cwd /Users/kimballfrank/dpd-js-sdk
52 error node -v v0.10.28
53 error npm -v 1.4.9
54 verbose exit [ 1, true ]
